Configuring hfsevents-0.1.5...
Building hfsevents-0.1.5...
Preprocessing library hfsevents-0.1.5...
[1 of 1] Compiling System.OSX.FSEvents ( System/OSX/FSEvents.hs, .stack-work/dist/x86_64-osx/Cabal-1.18.1.5/build/System/OSX/FSEvents.o )

cbits/c_fsevents.m:103:1:
     warning: control reaches end of non-void function [-Wreturn-type]
}
^

cbits/c_fsevents.m:106:4:
     warning: 'Gestalt' is deprecated: first deprecated in OS X 10.8 [-Wdeprecated-declarations]
       Gestalt(gestaltSystemVersionMajor, majorVersion);
       ^

/System/Library/Frameworks/CoreServices.framework/Frameworks/CarbonCore.framework/Headers/Gestalt.h:123:1:
     note: 'Gestalt' has been explicitly marked deprecated here
Gestalt(
^

cbits/c_fsevents.m:106:12:
     warning: 'gestaltSystemVersionMajor' is deprecated: first deprecated in OS X 10.8 - Use NSProcessInfo's operatingSystemVersion property instead. [-Wdeprecated-declarations]
       Gestalt(gestaltSystemVersionMajor, majorVersion);
               ^

/System/Library/Frameworks/CoreServices.framework/Frameworks/CarbonCore.framework/Headers/Gestalt.h:2076:3:
     note: 'gestaltSystemVersionMajor' has been explicitly marked deprecated here
      gestaltSystemVersionMajor     = 'sys1', /* The major system version number; in 10.4.17 this would be the decimal value 10 */
      ^

cbits/c_fsevents.m:107:4:
     warning: 'Gestalt' is deprecated: first deprecated in OS X 10.8 [-Wdeprecated-declarations]
       Gestalt(gestaltSystemVersionMinor, minorVersion);
       ^

/System/Library/Frameworks/CoreServices.framework/Frameworks/CarbonCore.framework/Headers/Gestalt.h:123:1:
     note: 'Gestalt' has been explicitly marked deprecated here
Gestalt(
^

cbits/c_fsevents.m:107:12:
     warning: 'gestaltSystemVersionMinor' is deprecated: first deprecated in OS X 10.8 - Use NSProcessInfo's operatingSystemVersion property instead. [-Wdeprecated-declarations]
       Gestalt(gestaltSystemVersionMinor, minorVersion);
               ^

/System/Library/Frameworks/CoreServices.framework/Frameworks/CarbonCore.framework/Headers/Gestalt.h:2077:3:
     note: 'gestaltSystemVersionMinor' has been explicitly marked deprecated here
      gestaltSystemVersionMinor     = 'sys2', /* The minor system version number; in 10.4.17 this would be the decimal value 4 */
      ^

cbits/c_fsevents.m:108:4:
     warning: 'Gestalt' is deprecated: first deprecated in OS X 10.8 [-Wdeprecated-declarations]
       Gestalt(gestaltSystemVersionBugFix, bugFixVersion);
       ^

/System/Library/Frameworks/CoreServices.framework/Frameworks/CarbonCore.framework/Headers/Gestalt.h:123:1:
     note: 'Gestalt' has been explicitly marked deprecated here
Gestalt(
^

cbits/c_fsevents.m:108:12:
     warning: 'gestaltSystemVersionBugFix' is deprecated: first deprecated in OS X 10.8 - Use NSProcessInfo's operatingSystemVersion property instead. [-Wdeprecated-declarations]
       Gestalt(gestaltSystemVersionBugFix, bugFixVersion);
               ^

/System/Library/Frameworks/CoreServices.framework/Frameworks/CarbonCore.framework/Headers/Gestalt.h:2078:3:
     note: 'gestaltSystemVersionBugFix' has been explicitly marked deprecated here
      gestaltSystemVersionBugFix    = 'sys3' /* The bug fix system version number; in 10.4.17 this would be the decimal value 17 */
      ^
7 warnings generated.

cbits/c_fsevents.m:103:1:
     warning: control reaches end of non-void function [-Wreturn-type]
}
^

cbits/c_fsevents.m:106:4:
     warning: 'Gestalt' is deprecated: first deprecated in OS X 10.8 [-Wdeprecated-declarations]
       Gestalt(gestaltSystemVersionMajor, majorVersion);
       ^

/System/Library/Frameworks/CoreServices.framework/Frameworks/CarbonCore.framework/Headers/Gestalt.h:123:1:
     note: 'Gestalt' has been explicitly marked deprecated here
Gestalt(
^

cbits/c_fsevents.m:106:12:
     warning: 'gestaltSystemVersionMajor' is deprecated: first deprecated in OS X 10.8 - Use NSProcessInfo's operatingSystemVersion property instead. [-Wdeprecated-declarations]
       Gestalt(gestaltSystemVersionMajor, majorVersion);
               ^

/System/Library/Frameworks/CoreServices.framework/Frameworks/CarbonCore.framework/Headers/Gestalt.h:2076:3:
     note: 'gestaltSystemVersionMajor' has been explicitly marked deprecated here
      gestaltSystemVersionMajor     = 'sys1', /* The major system version number; in 10.4.17 this would be the decimal value 10 */
      ^

cbits/c_fsevents.m:107:4:
     warning: 'Gestalt' is deprecated: first deprecated in OS X 10.8 [-Wdeprecated-declarations]
       Gestalt(gestaltSystemVersionMinor, minorVersion);
       ^

/System/Library/Frameworks/CoreServices.framework/Frameworks/CarbonCore.framework/Headers/Gestalt.h:123:1:
     note: 'Gestalt' has been explicitly marked deprecated here
Gestalt(
^

cbits/c_fsevents.m:107:12:
     warning: 'gestaltSystemVersionMinor' is deprecated: first deprecated in OS X 10.8 - Use NSProcessInfo's operatingSystemVersion property instead. [-Wdeprecated-declarations]
       Gestalt(gestaltSystemVersionMinor, minorVersion);
               ^

/System/Library/Frameworks/CoreServices.framework/Frameworks/CarbonCore.framework/Headers/Gestalt.h:2077:3:
     note: 'gestaltSystemVersionMinor' has been explicitly marked deprecated here
      gestaltSystemVersionMinor     = 'sys2', /* The minor system version number; in 10.4.17 this would be the decimal value 4 */
      ^

cbits/c_fsevents.m:108:4:
     warning: 'Gestalt' is deprecated: first deprecated in OS X 10.8 [-Wdeprecated-declarations]
       Gestalt(gestaltSystemVersionBugFix, bugFixVersion);
       ^

/System/Library/Frameworks/CoreServices.framework/Frameworks/CarbonCore.framework/Headers/Gestalt.h:123:1:
     note: 'Gestalt' has been explicitly marked deprecated here
Gestalt(
^

cbits/c_fsevents.m:108:12:
     warning: 'gestaltSystemVersionBugFix' is deprecated: first deprecated in OS X 10.8 - Use NSProcessInfo's operatingSystemVersion property instead. [-Wdeprecated-declarations]
       Gestalt(gestaltSystemVersionBugFix, bugFixVersion);
               ^

/System/Library/Frameworks/CoreServices.framework/Frameworks/CarbonCore.framework/Headers/Gestalt.h:2078:3:
     note: 'gestaltSystemVersionBugFix' has been explicitly marked deprecated here
      gestaltSystemVersionBugFix    = 'sys3' /* The bug fix system version number; in 10.4.17 this would be the decimal value 17 */
      ^
7 warnings generated.
In-place registering hfsevents-0.1.5...
Installing library in
/Users/rorystephenson/repositories/haskell/blog/.stack-work/install/x86_64-osx/lts-2.21/7.8.4/lib/x86_64-osx-ghc-7.8.4/hfsevents-0.1.5
Registering hfsevents-0.1.5...
