Configuring system-filepath-0.4.13.4...
Building system-filepath-0.4.13.4...
Preprocessing library system-filepath-0.4.13.4...
[1 of 4] Compiling Filesystem.Path.Internal ( lib/Filesystem/Path/Internal.hs, .stack-work/dist/x86_64-osx/Cabal-1.18.1.5/build/Filesystem/Path/Internal.o )

lib/Filesystem/Path/Internal.hs:17:1: Warning:
    The qualified import of ‘Control.Exception’ is redundant
      except perhaps to import instances from ‘Control.Exception’
    To import instances alone, use: import Control.Exception()

lib/Filesystem/Path/Internal.hs:26:1: Warning:
    The import of ‘Data.Text.Encoding.Error’ is redundant
      except perhaps to import instances from ‘Data.Text.Encoding.Error’
    To import instances alone, use: import Data.Text.Encoding.Error()
[2 of 4] Compiling Filesystem.Path  ( lib/Filesystem/Path.hs, .stack-work/dist/x86_64-osx/Cabal-1.18.1.5/build/Filesystem/Path.o )
[3 of 4] Compiling Filesystem.Path.Rules ( lib/Filesystem/Path/Rules.hs, .stack-work/dist/x86_64-osx/Cabal-1.18.1.5/build/Filesystem/Path/Rules.o )
[4 of 4] Compiling Filesystem.Path.CurrentOS ( lib/Filesystem/Path/CurrentOS.hs, .stack-work/dist/x86_64-osx/Cabal-1.18.1.5/build/Filesystem/Path/CurrentOS.o )

lib/Filesystem/Path/CurrentOS.hs:37:1: Warning:
    The qualified import of ‘Data.ByteString’ is redundant
      except perhaps to import instances from ‘Data.ByteString’
    To import instances alone, use: import Data.ByteString()
In-place registering system-filepath-0.4.13.4...
Installing library in
/Users/rorystephenson/.stack/snapshots/x86_64-osx/lts-2.21/7.8.4/lib/x86_64-osx-ghc-7.8.4/system-filepath-0.4.13.4
Registering system-filepath-0.4.13.4...
